2022-05-18_00-43-40 [restartedMain] INFO  c.p.a.AuthorizationServiceApplication - Starting AuthorizationServiceApplication using Java 1.8.0_281 on DESKTOP-K8KSJO3 with PID 10876 (D:\web dev\projects\Pension_Management_System\AuthorizationService\target\classes started by Raktim in D:\web dev\projects\Pension_Management_System\AuthorizationService)
2022-05-18_00-43-40 [restartedMain] INFO  c.p.a.AuthorizationServiceApplication - No active profile set, falling back to default profiles: default
2022-05-18_00-43-40 [restartedMain] INFO  o.s.b.d.e.DevToolsPropertyDefaultsPostProcessor - Devtools property defaults active! Set 'spring.devtools.add-properties' to 'false' to disable
2022-05-18_00-43-40 [restartedMain] INFO  o.s.b.d.e.DevToolsPropertyDefaultsPostProcessor - For additional web related logging consider setting the 'logging.level.web' property to 'DEBUG'
2022-05-18_00-43-40 [restartedMain] INFO  o.s.d.r.c.RepositoryConfigurationDelegate - Bootstrapping Spring Data JPA repositories in DEFAULT mode.
2022-05-18_00-43-40 [restartedMain] INFO  o.s.d.r.c.RepositoryConfigurationDelegate - Finished Spring Data repository scanning in 219 ms. Found 1 JPA repository interfaces.
2022-05-18_00-43-40 [restartedMain] INFO  o.s.b.w.e.tomcat.TomcatWebServer - Tomcat initialized with port(s): 8400 (http)
2022-05-18_00-43-40 [restartedMain] INFO  o.a.coyote.http11.Http11NioProtocol - Initializing ProtocolHandler ["http-nio-8400"]
2022-05-18_00-43-40 [restartedMain] INFO  o.a.catalina.core.StandardService - Starting service [Tomcat]
2022-05-18_00-43-40 [restartedMain] INFO  o.a.catalina.core.StandardEngine - Starting Servlet engine: [Apache Tomcat/9.0.56]
2022-05-18_00-43-40 [restartedMain] INFO  o.a.c.c.C.[.[localhost].[/auth] - Initializing Spring embedded WebApplicationContext
2022-05-18_00-43-40 [restartedMain] INFO  o.s.b.w.s.c.ServletWebServerApplicationContext - Root WebApplicationContext: initialization completed in 30022 ms
2022-05-18_00-43-40 [restartedMain] INFO  com.zaxxer.hikari.HikariDataSource - HikariPool-1 - Starting...
2022-05-18_00-43-40 [restartedMain] INFO  com.zaxxer.hikari.HikariDataSource - HikariPool-1 - Start completed.
2022-05-18_00-43-40 [restartedMain] INFO  o.s.b.a.h.H2ConsoleAutoConfiguration - H2 console available at '/h2-console'. Database available at 'jdbc:h2:mem:27ba7f90-9e8c-4094-90ab-47d8d93284f4'
2022-05-18_00-43-40 [restartedMain] INFO  o.h.jpa.internal.util.LogHelper - HHH000204: Processing PersistenceUnitInfo [name: default]
2022-05-18_00-43-40 [restartedMain] INFO  org.hibernate.Version - HHH000412: Hibernate ORM core version 5.6.3.Final
2022-05-18_00-43-40 [restartedMain] INFO  o.h.annotations.common.Version - HCANN000001: Hibernate Commons Annotations {5.1.2.Final}
2022-05-18_00-43-40 [restartedMain] INFO  org.hibernate.dialect.Dialect - HHH000400: Using dialect: org.hibernate.dialect.H2Dialect
2022-05-18_00-43-40 [restartedMain] INFO  o.h.e.t.j.p.i.JtaPlatformInitiator - HHH000490: Using JtaPlatform implementation: [org.hibernate.engine.transaction.jta.platform.internal.NoJtaPlatform]
2022-05-18_00-43-40 [restartedMain] INFO  o.s.o.j.LocalContainerEntityManagerFactoryBean - Initialized JPA EntityManagerFactory for persistence unit 'default'
2022-05-18_00-43-40 [restartedMain] INFO  o.s.s.web.DefaultSecurityFilterChain - Will secure any request with [org.springframework.security.web.context.request.async.WebAsyncManagerIntegrationFilter@6f87137e, org.springframework.security.web.context.SecurityContextPersistenceFilter@4acf9216, org.springframework.security.web.header.HeaderWriterFilter@d159edf, org.springframework.security.web.authentication.logout.LogoutFilter@771ddd96, com.pension.auth.config.JwtRequestFilter@48694cc5, org.springframework.security.web.savedrequest.RequestCacheAwareFilter@6f80a6d8, org.springframework.security.web.servletapi.SecurityContextHolderAwareRequestFilter@3531d27c, org.springframework.security.web.authentication.AnonymousAuthenticationFilter@2aabc44e, org.springframework.security.web.session.SessionManagementFilter@43872e17, org.springframework.security.web.access.ExceptionTranslationFilter@531279c5, org.springframework.security.web.access.intercept.FilterSecurityInterceptor@7b39cdf2]
2022-05-18_00-43-40 [restartedMain] INFO  o.a.coyote.http11.Http11NioProtocol - Starting ProtocolHandler ["http-nio-8400"]
2022-05-18_00-43-40 [restartedMain] INFO  o.s.b.w.e.tomcat.TomcatWebServer - Tomcat started on port(s): 8400 (http) with context path '/auth'
2022-05-18_00-43-40 [restartedMain] INFO  c.p.a.AuthorizationServiceApplication - Started AuthorizationServiceApplication in 76.677 seconds (JVM running for 83.54)
2022-05-18_00-43-40 [http-nio-8400-exec-1] INFO  o.a.c.c.C.[.[localhost].[/auth] - Initializing Spring DispatcherServlet 'dispatcherServlet'
2022-05-18_00-43-40 [http-nio-8400-exec-1] INFO  o.s.web.servlet.DispatcherServlet - Initializing Servlet 'dispatcherServlet'
2022-05-18_00-43-40 [http-nio-8400-exec-1] INFO  o.s.web.servlet.DispatcherServlet - Completed initialization in 3 ms
2022-05-18_00-43-40 [http-nio-8400-exec-1] INFO  c.p.a.c.JwtAuthenticationController - =============Inside authenticate Method==========
2022-05-18_00-43-40 [http-nio-8400-exec-1] INFO  c.p.a.service.MyUserDetailsService - User with username admin found
2022-05-18_00-43-40 [http-nio-8400-exec-1] INFO  c.p.a.c.JwtAuthenticationController - Authentication Successful.....
2022-05-18_00-43-40 [http-nio-8400-exec-1] INFO  c.p.a.c.JwtAuthenticationController - UsernamePasswordAuthenticationToken [Principal=com.pension.auth.model.MyUserDetails@6877e290, Credentials=[PROTECTED], Authenticated=true, Details=null, Granted Authorities=[ROLE_ADMIN]]
2022-05-18_00-43-40 [http-nio-8400-exec-1] INFO  c.p.a.service.MyUserDetailsService - User with username admin found
2022-05-18_00-43-40 [http-nio-8400-exec-2] INFO  c.p.a.service.MyUserDetailsService - User with username admin found
2022-05-18_00-43-40 [http-nio-8400-exec-3] INFO  c.p.a.service.MyUserDetailsService - User with username admin found
2022-05-18_00-43-40 [http-nio-8400-exec-4] INFO  c.p.a.service.MyUserDetailsService - User with username admin found
2022-05-18_00-43-40 [http-nio-8400-exec-5] INFO  c.p.a.service.MyUserDetailsService - User with username admin found
2022-05-18_00-43-40 [http-nio-8400-exec-6] INFO  c.p.a.service.MyUserDetailsService - User with username admin found
2022-05-18_00-43-40 [http-nio-8400-exec-7] INFO  c.p.a.service.MyUserDetailsService - User with username admin found
2022-05-18_00-43-40 [http-nio-8400-exec-9] INFO  c.p.a.service.MyUserDetailsService - User with username admin found
2022-05-18_00-43-40 [http-nio-8400-exec-8] INFO  c.p.a.service.MyUserDetailsService - User with username admin found
2022-05-18_00-43-40 [http-nio-8400-exec-1] INFO  c.p.a.service.MyUserDetailsService - User with username admin found
2022-05-18_00-43-40 [http-nio-8400-exec-10] INFO  c.p.a.service.MyUserDetailsService - User with username admin found
2022-05-18_00-43-40 [http-nio-8400-exec-2] INFO  c.p.a.service.MyUserDetailsService - User with username admin found
2022-05-18_00-43-40 [http-nio-8400-exec-3] INFO  c.p.a.service.MyUserDetailsService - User with username admin found
2022-05-18_00-43-40 [http-nio-8400-exec-4] INFO  c.p.a.service.MyUserDetailsService - User with username admin found
2022-05-18_00-43-40 [http-nio-8400-exec-5] INFO  c.p.a.service.MyUserDetailsService - User with username admin found
2022-05-18_00-43-40 [http-nio-8400-exec-6] INFO  c.p.a.service.MyUserDetailsService - User with username admin found
2022-05-18_00-43-40 [http-nio-8400-exec-7] INFO  c.p.a.service.MyUserDetailsService - User with username admin found
2022-05-18_00-43-40 [http-nio-8400-exec-9] INFO  c.p.a.service.MyUserDetailsService - User with username admin found
2022-05-18_00-43-40 [http-nio-8400-exec-8] INFO  c.p.a.service.MyUserDetailsService - User with username admin found
2022-05-18_00-43-40 [http-nio-8400-exec-10] INFO  c.p.a.service.MyUserDetailsService - User with username admin found
2022-05-18_00-43-40 [http-nio-8400-exec-1] INFO  c.p.a.service.MyUserDetailsService - User with username admin found
2022-05-18_00-43-40 [http-nio-8400-exec-2] INFO  c.p.a.service.MyUserDetailsService - User with username admin found
2022-05-18_00-43-40 [http-nio-8400-exec-2] INFO  c.p.a.service.MyUserDetailsService - User with username admin found
2022-05-18_00-43-40 [http-nio-8400-exec-4] INFO  c.p.a.c.JwtAuthenticationController - =============Inside authenticate Method==========
2022-05-18_00-43-40 [http-nio-8400-exec-4] INFO  c.p.a.service.MyUserDetailsService - User with username ramesh found
2022-05-18_00-43-40 [http-nio-8400-exec-4] INFO  c.p.a.c.JwtAuthenticationController - Authentication Successful.....
2022-05-18_00-43-40 [http-nio-8400-exec-4] INFO  c.p.a.c.JwtAuthenticationController - UsernamePasswordAuthenticationToken [Principal=com.pension.auth.model.MyUserDetails@3e646a4e, Credentials=[PROTECTED], Authenticated=true, Details=null, Granted Authorities=[ROLE_USER]]
2022-05-18_00-43-40 [http-nio-8400-exec-4] INFO  c.p.a.service.MyUserDetailsService - User with username ramesh found
2022-05-18_00-43-40 [http-nio-8400-exec-5] INFO  c.p.a.service.MyUserDetailsService - User with username ramesh found
2022-05-18_00-43-40 [http-nio-8400-exec-6] INFO  c.p.a.service.MyUserDetailsService - User with username ramesh found
2022-05-18_00-43-40 [http-nio-8400-exec-7] INFO  c.p.a.service.MyUserDetailsService - User with username ramesh found
2022-05-18_00-43-40 [http-nio-8400-exec-7] INFO  c.p.a.service.MyUserDetailsService - User with username ramesh found
2022-05-18_00-43-40 [http-nio-8400-exec-9] INFO  c.p.a.service.MyUserDetailsService - User with username ramesh found
2022-05-18_00-43-40 [http-nio-8400-exec-9] INFO  c.p.a.service.MyUserDetailsService - User with username ramesh found
2022-05-18_00-43-40 [http-nio-8400-exec-8] INFO  c.p.a.service.MyUserDetailsService - User with username ramesh found
2022-05-18_00-43-40 [http-nio-8400-exec-1] INFO  c.p.a.service.MyUserDetailsService - User with username ramesh found
2022-05-18_00-43-40 [http-nio-8400-exec-3] INFO  c.p.a.service.MyUserDetailsService - User with username ramesh found
2022-05-18_00-43-40 [http-nio-8400-exec-2] INFO  c.p.a.service.MyUserDetailsService - User with username ramesh found
2022-05-18_00-43-40 [http-nio-8400-exec-4] INFO  c.p.a.c.JwtAuthenticationController - =============Inside authenticate Method==========
2022-05-18_00-43-40 [http-nio-8400-exec-4] INFO  c.p.a.service.MyUserDetailsService - User with username admin found
2022-05-18_00-43-40 [http-nio-8400-exec-4] INFO  c.p.a.c.JwtAuthenticationController - Authentication Successful.....
2022-05-18_00-43-40 [http-nio-8400-exec-4] INFO  c.p.a.c.JwtAuthenticationController - UsernamePasswordAuthenticationToken [Principal=com.pension.auth.model.MyUserDetails@56965b5c, Credentials=[PROTECTED], Authenticated=true, Details=null, Granted Authorities=[ROLE_ADMIN]]
2022-05-18_00-43-40 [http-nio-8400-exec-4] INFO  c.p.a.service.MyUserDetailsService - User with username admin found
2022-05-18_00-43-40 [http-nio-8400-exec-5] INFO  c.p.a.service.MyUserDetailsService - User with username admin found
2022-05-18_00-43-40 [http-nio-8400-exec-6] INFO  c.p.a.service.MyUserDetailsService - User with username admin found
