2022-05-16_20-25-31 [restartedMain] INFO  c.p.a.AuthorizationServiceApplication - Starting AuthorizationServiceApplication using Java 1.8.0_281 on DESKTOP-K8KSJO3 with PID 1304 (D:\web dev\projects\Pension_Management_System\AuthorizationService\target\classes started by Raktim in D:\web dev\projects\Pension_Management_System\AuthorizationService)
2022-05-16_20-25-31 [restartedMain] INFO  c.p.a.AuthorizationServiceApplication - No active profile set, falling back to default profiles: default
2022-05-16_20-25-31 [restartedMain] INFO  o.s.b.d.e.DevToolsPropertyDefaultsPostProcessor - Devtools property defaults active! Set 'spring.devtools.add-properties' to 'false' to disable
2022-05-16_20-25-31 [restartedMain] INFO  o.s.b.d.e.DevToolsPropertyDefaultsPostProcessor - For additional web related logging consider setting the 'logging.level.web' property to 'DEBUG'
2022-05-16_20-25-31 [restartedMain] INFO  o.s.d.r.c.RepositoryConfigurationDelegate - Bootstrapping Spring Data JPA repositories in DEFAULT mode.
2022-05-16_20-25-31 [restartedMain] INFO  o.s.d.r.c.RepositoryConfigurationDelegate - Finished Spring Data repository scanning in 509 ms. Found 1 JPA repository interfaces.
2022-05-16_20-25-31 [restartedMain] INFO  o.s.b.w.e.tomcat.TomcatWebServer - Tomcat initialized with port(s): 8400 (http)
2022-05-16_20-25-31 [restartedMain] INFO  o.a.coyote.http11.Http11NioProtocol - Initializing ProtocolHandler ["http-nio-8400"]
2022-05-16_20-25-31 [restartedMain] INFO  o.a.catalina.core.StandardService - Starting service [Tomcat]
2022-05-16_20-25-31 [restartedMain] INFO  o.a.catalina.core.StandardEngine - Starting Servlet engine: [Apache Tomcat/9.0.56]
2022-05-16_20-25-31 [restartedMain] INFO  o.a.c.c.C.[.[localhost].[/auth] - Initializing Spring embedded WebApplicationContext
2022-05-16_20-25-31 [restartedMain] INFO  o.s.b.w.s.c.ServletWebServerApplicationContext - Root WebApplicationContext: initialization completed in 17193 ms
2022-05-16_20-25-31 [restartedMain] INFO  com.zaxxer.hikari.HikariDataSource - HikariPool-1 - Starting...
2022-05-16_20-25-31 [restartedMain] INFO  com.zaxxer.hikari.HikariDataSource - HikariPool-1 - Start completed.
2022-05-16_20-25-31 [restartedMain] INFO  o.s.b.a.h.H2ConsoleAutoConfiguration - H2 console available at '/h2-console'. Database available at 'jdbc:h2:mem:8a667887-ec38-44d4-bb6e-9db9424642e9'
2022-05-16_20-25-31 [restartedMain] INFO  o.h.jpa.internal.util.LogHelper - HHH000204: Processing PersistenceUnitInfo [name: default]
2022-05-16_20-25-31 [restartedMain] INFO  org.hibernate.Version - HHH000412: Hibernate ORM core version 5.6.3.Final
2022-05-16_20-25-31 [restartedMain] INFO  o.h.annotations.common.Version - HCANN000001: Hibernate Commons Annotations {5.1.2.Final}
2022-05-16_20-25-31 [restartedMain] INFO  org.hibernate.dialect.Dialect - HHH000400: Using dialect: org.hibernate.dialect.H2Dialect
2022-05-16_20-25-31 [restartedMain] INFO  o.h.e.t.j.p.i.JtaPlatformInitiator - HHH000490: Using JtaPlatform implementation: [org.hibernate.engine.transaction.jta.platform.internal.NoJtaPlatform]
2022-05-16_20-25-31 [restartedMain] INFO  o.s.o.j.LocalContainerEntityManagerFactoryBean - Initialized JPA EntityManagerFactory for persistence unit 'default'
2022-05-16_20-25-31 [restartedMain] INFO  o.s.s.web.DefaultSecurityFilterChain - Will secure any request with [org.springframework.security.web.context.request.async.WebAsyncManagerIntegrationFilter@44acc4e1, org.springframework.security.web.context.SecurityContextPersistenceFilter@1f05094e, org.springframework.security.web.header.HeaderWriterFilter@78430cc8, org.springframework.security.web.authentication.logout.LogoutFilter@78cb17b2, com.pension.auth.config.JwtRequestFilter@297aba77, org.springframework.security.web.savedrequest.RequestCacheAwareFilter@4914294d, org.springframework.security.web.servletapi.SecurityContextHolderAwareRequestFilter@7fb55ea8, org.springframework.security.web.authentication.AnonymousAuthenticationFilter@119d669d, org.springframework.security.web.session.SessionManagementFilter@3af36069, org.springframework.security.web.access.ExceptionTranslationFilter@44c5d4c7, org.springframework.security.web.access.intercept.FilterSecurityInterceptor@4f5a67ab]
2022-05-16_20-25-31 [restartedMain] INFO  o.a.coyote.http11.Http11NioProtocol - Starting ProtocolHandler ["http-nio-8400"]
2022-05-16_20-25-31 [restartedMain] INFO  o.s.b.w.e.tomcat.TomcatWebServer - Tomcat started on port(s): 8400 (http) with context path '/auth'
2022-05-16_20-25-31 [restartedMain] INFO  c.p.a.AuthorizationServiceApplication - Started AuthorizationServiceApplication in 48.466 seconds (JVM running for 54.399)
2022-05-16_20-25-31 [http-nio-8400-exec-1] INFO  o.a.c.c.C.[.[localhost].[/auth] - Initializing Spring DispatcherServlet 'dispatcherServlet'
2022-05-16_20-25-31 [http-nio-8400-exec-1] INFO  o.s.web.servlet.DispatcherServlet - Initializing Servlet 'dispatcherServlet'
2022-05-16_20-25-31 [http-nio-8400-exec-1] INFO  o.s.web.servlet.DispatcherServlet - Completed initialization in 2 ms
2022-05-16_20-25-31 [http-nio-8400-exec-1] INFO  c.p.a.c.JwtAuthenticationController - =============Inside authenticate Method==========
2022-05-16_20-25-31 [http-nio-8400-exec-1] INFO  c.p.a.service.MyUserDetailsService - User with username admin found
2022-05-16_20-25-31 [http-nio-8400-exec-1] INFO  c.p.a.c.JwtAuthenticationController - Authentication Successful.....
2022-05-16_20-25-31 [http-nio-8400-exec-1] INFO  c.p.a.c.JwtAuthenticationController - UsernamePasswordAuthenticationToken [Principal=com.pension.auth.model.MyUserDetails@2dbef35e, Credentials=[PROTECTED], Authenticated=true, Details=null, Granted Authorities=[ROLE_ADMIN]]
2022-05-16_20-25-31 [http-nio-8400-exec-1] INFO  c.p.a.service.MyUserDetailsService - User with username admin found
2022-05-16_20-25-31 [http-nio-8400-exec-2] INFO  c.p.a.service.MyUserDetailsService - User with username admin found
2022-05-16_20-25-31 [http-nio-8400-exec-3] INFO  c.p.a.service.MyUserDetailsService - User with username admin found
2022-05-16_20-25-31 [http-nio-8400-exec-4] INFO  c.p.a.service.MyUserDetailsService - User with username admin found
2022-05-16_20-25-31 [http-nio-8400-exec-5] INFO  c.p.a.service.MyUserDetailsService - User with username admin found
2022-05-16_20-36-06 [restartedMain] INFO  c.p.a.AuthorizationServiceApplication - Starting AuthorizationServiceApplication using Java 1.8.0_281 on DESKTOP-K8KSJO3 with PID 7524 (D:\web dev\projects\Pension_Management_System\AuthorizationService\target\classes started by Raktim in D:\web dev\projects\Pension_Management_System\AuthorizationService)
2022-05-16_20-36-06 [restartedMain] INFO  c.p.a.AuthorizationServiceApplication - No active profile set, falling back to default profiles: default
2022-05-16_20-36-06 [restartedMain] INFO  o.s.b.d.e.DevToolsPropertyDefaultsPostProcessor - Devtools property defaults active! Set 'spring.devtools.add-properties' to 'false' to disable
2022-05-16_20-36-06 [restartedMain] INFO  o.s.b.d.e.DevToolsPropertyDefaultsPostProcessor - For additional web related logging consider setting the 'logging.level.web' property to 'DEBUG'
2022-05-16_20-36-06 [restartedMain] INFO  o.s.d.r.c.RepositoryConfigurationDelegate - Bootstrapping Spring Data JPA repositories in DEFAULT mode.
2022-05-16_20-36-06 [restartedMain] INFO  o.s.d.r.c.RepositoryConfigurationDelegate - Finished Spring Data repository scanning in 99 ms. Found 1 JPA repository interfaces.
2022-05-16_20-36-06 [restartedMain] INFO  o.s.b.w.e.tomcat.TomcatWebServer - Tomcat initialized with port(s): 8400 (http)
2022-05-16_20-36-06 [restartedMain] INFO  o.a.coyote.http11.Http11NioProtocol - Initializing ProtocolHandler ["http-nio-8400"]
2022-05-16_20-36-06 [restartedMain] INFO  o.a.catalina.core.StandardService - Starting service [Tomcat]
2022-05-16_20-36-06 [restartedMain] INFO  o.a.catalina.core.StandardEngine - Starting Servlet engine: [Apache Tomcat/9.0.56]
2022-05-16_20-36-06 [restartedMain] INFO  o.a.c.c.C.[.[localhost].[/auth] - Initializing Spring embedded WebApplicationContext
2022-05-16_20-36-06 [restartedMain] INFO  o.s.b.w.s.c.ServletWebServerApplicationContext - Root WebApplicationContext: initialization completed in 4535 ms
2022-05-16_20-36-06 [restartedMain] INFO  com.zaxxer.hikari.HikariDataSource - HikariPool-1 - Starting...
2022-05-16_20-36-06 [restartedMain] INFO  com.zaxxer.hikari.HikariDataSource - HikariPool-1 - Start completed.
2022-05-16_20-36-06 [restartedMain] INFO  o.s.b.a.h.H2ConsoleAutoConfiguration - H2 console available at '/h2-console'. Database available at 'jdbc:h2:mem:4b9e56b3-fe07-477a-95d5-44af5e5c4b4b'
2022-05-16_20-36-06 [restartedMain] INFO  o.h.jpa.internal.util.LogHelper - HHH000204: Processing PersistenceUnitInfo [name: default]
2022-05-16_20-36-06 [restartedMain] INFO  org.hibernate.Version - HHH000412: Hibernate ORM core version 5.6.3.Final
2022-05-16_20-36-06 [restartedMain] INFO  o.h.annotations.common.Version - HCANN000001: Hibernate Commons Annotations {5.1.2.Final}
2022-05-16_20-36-06 [restartedMain] INFO  org.hibernate.dialect.Dialect - HHH000400: Using dialect: org.hibernate.dialect.H2Dialect
2022-05-16_20-36-06 [restartedMain] INFO  o.h.e.t.j.p.i.JtaPlatformInitiator - HHH000490: Using JtaPlatform implementation: [org.hibernate.engine.transaction.jta.platform.internal.NoJtaPlatform]
2022-05-16_20-36-06 [restartedMain] INFO  o.s.o.j.LocalContainerEntityManagerFactoryBean - Initialized JPA EntityManagerFactory for persistence unit 'default'
2022-05-16_20-36-06 [restartedMain] INFO  o.s.s.web.DefaultSecurityFilterChain - Will secure any request with [org.springframework.security.web.context.request.async.WebAsyncManagerIntegrationFilter@57a1b3aa, org.springframework.security.web.context.SecurityContextPersistenceFilter@2a496fdf, org.springframework.security.web.header.HeaderWriterFilter@6556b884, org.springframework.security.web.authentication.logout.LogoutFilter@71c11083, com.pension.auth.config.JwtRequestFilter@6afdca1f, org.springframework.security.web.savedrequest.RequestCacheAwareFilter@485de494, org.springframework.security.web.servletapi.SecurityContextHolderAwareRequestFilter@6f77e4c5, org.springframework.security.web.authentication.AnonymousAuthenticationFilter@5747c150, org.springframework.security.web.session.SessionManagementFilter@44a2a178, org.springframework.security.web.access.ExceptionTranslationFilter@336b71e3, org.springframework.security.web.access.intercept.FilterSecurityInterceptor@2743bc9b]
2022-05-16_20-36-06 [restartedMain] INFO  o.a.coyote.http11.Http11NioProtocol - Starting ProtocolHandler ["http-nio-8400"]
2022-05-16_20-36-06 [restartedMain] INFO  o.s.b.w.e.tomcat.TomcatWebServer - Tomcat started on port(s): 8400 (http) with context path '/auth'
2022-05-16_20-36-06 [restartedMain] INFO  c.p.a.AuthorizationServiceApplication - Started AuthorizationServiceApplication in 12.145 seconds (JVM running for 13.888)
2022-05-16_20-36-06 [http-nio-8400-exec-1] INFO  o.a.c.c.C.[.[localhost].[/auth] - Initializing Spring DispatcherServlet 'dispatcherServlet'
2022-05-16_20-36-06 [http-nio-8400-exec-1] INFO  o.s.web.servlet.DispatcherServlet - Initializing Servlet 'dispatcherServlet'
2022-05-16_20-36-06 [http-nio-8400-exec-1] INFO  o.s.web.servlet.DispatcherServlet - Completed initialization in 4 ms
2022-05-16_20-36-06 [http-nio-8400-exec-1] INFO  c.p.a.c.JwtAuthenticationController - =============Inside authenticate Method==========
2022-05-16_20-36-06 [http-nio-8400-exec-1] INFO  c.p.a.service.MyUserDetailsService - User with username admin found
2022-05-16_20-36-06 [http-nio-8400-exec-1] INFO  c.p.a.c.JwtAuthenticationController - Authentication Successful.....
2022-05-16_20-36-06 [http-nio-8400-exec-1] INFO  c.p.a.c.JwtAuthenticationController - UsernamePasswordAuthenticationToken [Principal=com.pension.auth.model.MyUserDetails@624a6ca2, Credentials=[PROTECTED], Authenticated=true, Details=null, Granted Authorities=[ROLE_ADMIN]]
2022-05-16_20-36-06 [http-nio-8400-exec-1] INFO  c.p.a.service.MyUserDetailsService - User with username admin found
2022-05-16_20-36-06 [http-nio-8400-exec-2] INFO  c.p.a.service.MyUserDetailsService - User with username admin found
2022-05-16_20-36-06 [http-nio-8400-exec-3] INFO  c.p.a.service.MyUserDetailsService - User with username admin found
2022-05-16_20-36-06 [http-nio-8400-exec-4] INFO  c.p.a.service.MyUserDetailsService - User with username admin found
2022-05-16_20-36-06 [http-nio-8400-exec-5] INFO  c.p.a.service.MyUserDetailsService - User with username admin found
2022-05-16_20-36-06 [http-nio-8400-exec-7] INFO  c.p.a.service.MyUserDetailsService - User with username admin found
2022-05-16_20-36-06 [http-nio-8400-exec-8] INFO  c.p.a.service.MyUserDetailsService - User with username admin found
2022-05-16_20-36-06 [http-nio-8400-exec-9] INFO  c.p.a.service.MyUserDetailsService - User with username admin found
2022-05-16_20-36-06 [http-nio-8400-exec-10] INFO  c.p.a.service.MyUserDetailsService - User with username admin found
2022-05-16_20-36-06 [http-nio-8400-exec-1] INFO  c.p.a.service.MyUserDetailsService - User with username admin found
2022-05-16_20-36-06 [http-nio-8400-exec-2] INFO  c.p.a.service.MyUserDetailsService - User with username admin found
2022-05-16_20-36-06 [http-nio-8400-exec-3] INFO  c.p.a.service.MyUserDetailsService - User with username admin found
2022-05-16_20-36-06 [http-nio-8400-exec-4] INFO  c.p.a.service.MyUserDetailsService - User with username admin found
2022-05-16_20-36-06 [http-nio-8400-exec-5] INFO  c.p.a.service.MyUserDetailsService - User with username admin found
2022-05-16_20-36-06 [http-nio-8400-exec-6] INFO  c.p.a.service.MyUserDetailsService - User with username admin found
2022-05-16_20-36-06 [http-nio-8400-exec-8] INFO  c.p.a.service.MyUserDetailsService - User with username admin found
2022-05-16_20-36-06 [http-nio-8400-exec-9] INFO  c.p.a.service.MyUserDetailsService - User with username admin found
2022-05-16_20-36-06 [http-nio-8400-exec-10] INFO  c.p.a.service.MyUserDetailsService - User with username admin found
2022-05-16_20-36-06 [http-nio-8400-exec-1] INFO  c.p.a.service.MyUserDetailsService - User with username admin found
2022-05-16_20-36-06 [http-nio-8400-exec-2] INFO  c.p.a.service.MyUserDetailsService - User with username admin found
2022-05-16_20-36-06 [http-nio-8400-exec-4] INFO  c.p.a.service.MyUserDetailsService - User with username admin found
2022-05-16_20-36-06 [http-nio-8400-exec-3] INFO  c.p.a.service.MyUserDetailsService - User with username admin found
2022-05-16_20-36-06 [http-nio-8400-exec-5] INFO  c.p.a.service.MyUserDetailsService - User with username admin found
2022-05-16_20-36-06 [http-nio-8400-exec-7] INFO  c.p.a.service.MyUserDetailsService - User with username admin found
2022-05-16_20-36-06 [http-nio-8400-exec-7] INFO  c.p.a.service.MyUserDetailsService - User with username admin found
2022-05-16_20-36-06 [http-nio-8400-exec-9] INFO  c.p.a.service.MyUserDetailsService - User with username admin found
2022-05-16_20-36-06 [http-nio-8400-exec-10] INFO  c.p.a.service.MyUserDetailsService - User with username admin found
2022-05-16_20-36-06 [http-nio-8400-exec-1] INFO  c.p.a.service.MyUserDetailsService - User with username admin found
2022-05-16_20-36-06 [http-nio-8400-exec-2] INFO  c.p.a.service.MyUserDetailsService - User with username admin found
2022-05-16_20-36-06 [http-nio-8400-exec-4] INFO  c.p.a.service.MyUserDetailsService - User with username admin found
2022-05-16_20-36-06 [http-nio-8400-exec-5] INFO  c.p.a.service.MyUserDetailsService - User with username admin found
2022-05-16_20-36-06 [http-nio-8400-exec-3] INFO  c.p.a.service.MyUserDetailsService - User with username admin found
2022-05-16_20-36-06 [http-nio-8400-exec-6] INFO  c.p.a.service.MyUserDetailsService - User with username admin found
2022-05-16_20-36-06 [http-nio-8400-exec-8] INFO  c.p.a.service.MyUserDetailsService - User with username admin found
2022-05-16_20-36-06 [http-nio-8400-exec-8] INFO  c.p.a.service.MyUserDetailsService - User with username admin found
2022-05-16_20-36-06 [http-nio-8400-exec-9] INFO  c.p.a.service.MyUserDetailsService - User with username admin found
2022-05-16_20-36-06 [http-nio-8400-exec-10] INFO  c.p.a.service.MyUserDetailsService - User with username admin found
2022-05-16_20-36-06 [http-nio-8400-exec-1] INFO  c.p.a.service.MyUserDetailsService - User with username admin found
2022-05-16_20-36-06 [http-nio-8400-exec-2] INFO  c.p.a.service.MyUserDetailsService - User with username admin found
2022-05-16_20-36-06 [http-nio-8400-exec-4] INFO  c.p.a.c.JwtAuthenticationController - =============Inside authenticate Method==========
2022-05-16_20-36-06 [http-nio-8400-exec-4] INFO  c.p.a.service.MyUserDetailsService - User with username admin found
2022-05-16_20-36-06 [http-nio-8400-exec-4] INFO  c.p.a.c.JwtAuthenticationController - Authentication Successful.....
2022-05-16_20-36-06 [http-nio-8400-exec-4] INFO  c.p.a.c.JwtAuthenticationController - UsernamePasswordAuthenticationToken [Principal=com.pension.auth.model.MyUserDetails@3ec7798e, Credentials=[PROTECTED], Authenticated=true, Details=null, Granted Authorities=[ROLE_ADMIN]]
2022-05-16_20-36-06 [http-nio-8400-exec-4] INFO  c.p.a.service.MyUserDetailsService - User with username admin found
2022-05-16_20-36-06 [http-nio-8400-exec-5] INFO  c.p.a.service.MyUserDetailsService - User with username admin found
2022-05-16_20-36-06 [http-nio-8400-exec-3] INFO  c.p.a.service.MyUserDetailsService - User with username admin found
2022-05-16_20-36-06 [http-nio-8400-exec-6] INFO  c.p.a.service.MyUserDetailsService - User with username admin found
2022-05-16_20-36-06 [http-nio-8400-exec-7] INFO  c.p.a.service.MyUserDetailsService - User with username admin found
2022-05-16_20-36-06 [http-nio-8400-exec-8] INFO  c.p.a.service.MyUserDetailsService - User with username admin found
2022-05-16_20-36-06 [http-nio-8400-exec-9] INFO  c.p.a.service.MyUserDetailsService - User with username admin found
2022-05-16_20-36-06 [http-nio-8400-exec-10] INFO  c.p.a.service.MyUserDetailsService - User with username admin found
2022-05-16_20-36-06 [http-nio-8400-exec-1] INFO  c.p.a.service.MyUserDetailsService - User with username admin found
2022-05-16_20-36-06 [http-nio-8400-exec-2] INFO  c.p.a.service.MyUserDetailsService - User with username admin found
2022-05-16_20-36-06 [http-nio-8400-exec-4] INFO  c.p.a.service.MyUserDetailsService - User with username admin found
2022-05-16_20-36-06 [http-nio-8400-exec-5] INFO  c.p.a.service.MyUserDetailsService - User with username admin found
2022-05-16_20-36-06 [http-nio-8400-exec-3] INFO  c.p.a.service.MyUserDetailsService - User with username admin found
2022-05-16_20-36-06 [http-nio-8400-exec-6] INFO  c.p.a.service.MyUserDetailsService - User with username admin found
2022-05-16_20-36-06 [http-nio-8400-exec-7] INFO  c.p.a.service.MyUserDetailsService - User with username admin found
2022-05-16_20-36-06 [http-nio-8400-exec-8] INFO  c.p.a.c.JwtAuthenticationController - =============Inside authenticate Method==========
2022-05-16_20-36-06 [http-nio-8400-exec-8] INFO  c.p.a.service.MyUserDetailsService - User with username admin found
2022-05-16_20-36-06 [http-nio-8400-exec-8] INFO  c.p.a.c.JwtAuthenticationController - Authentication Successful.....
2022-05-16_20-36-06 [http-nio-8400-exec-8] INFO  c.p.a.c.JwtAuthenticationController - UsernamePasswordAuthenticationToken [Principal=com.pension.auth.model.MyUserDetails@7fe09b9, Credentials=[PROTECTED], Authenticated=true, Details=null, Granted Authorities=[ROLE_ADMIN]]
2022-05-16_20-36-06 [http-nio-8400-exec-8] INFO  c.p.a.service.MyUserDetailsService - User with username admin found
2022-05-16_20-36-06 [http-nio-8400-exec-9] INFO  c.p.a.service.MyUserDetailsService - User with username admin found
2022-05-16_20-36-06 [http-nio-8400-exec-10] INFO  c.p.a.service.MyUserDetailsService - User with username admin found
2022-05-16_20-36-06 [http-nio-8400-exec-1] INFO  c.p.a.service.MyUserDetailsService - User with username admin found
2022-05-16_20-36-06 [http-nio-8400-exec-1] INFO  c.p.a.service.MyUserDetailsService - User with username admin found
2022-05-16_20-36-06 [http-nio-8400-exec-4] INFO  c.p.a.service.MyUserDetailsService - User with username admin found
2022-05-16_20-36-06 [http-nio-8400-exec-5] INFO  c.p.a.service.MyUserDetailsService - User with username admin found
2022-05-16_20-36-06 [http-nio-8400-exec-3] INFO  c.p.a.service.MyUserDetailsService - User with username admin found
2022-05-16_20-36-06 [http-nio-8400-exec-3] INFO  c.p.a.service.MyUserDetailsService - User with username admin found
2022-05-16_20-36-06 [http-nio-8400-exec-7] INFO  c.p.a.service.MyUserDetailsService - User with username admin found
2022-05-16_20-36-06 [http-nio-8400-exec-8] INFO  c.p.a.service.MyUserDetailsService - User with username admin found
2022-05-16_20-36-06 [http-nio-8400-exec-9] INFO  c.p.a.c.JwtAuthenticationController - =============Inside authenticate Method==========
2022-05-16_20-36-06 [http-nio-8400-exec-9] INFO  c.p.a.service.MyUserDetailsService - User with username admin found
2022-05-16_20-36-06 [http-nio-8400-exec-9] INFO  c.p.a.c.JwtAuthenticationController - Authentication Successful.....
2022-05-16_20-36-06 [http-nio-8400-exec-9] INFO  c.p.a.c.JwtAuthenticationController - UsernamePasswordAuthenticationToken [Principal=com.pension.auth.model.MyUserDetails@3dbd6ae3, Credentials=[PROTECTED], Authenticated=true, Details=null, Granted Authorities=[ROLE_ADMIN]]
2022-05-16_20-36-06 [http-nio-8400-exec-9] INFO  c.p.a.service.MyUserDetailsService - User with username admin found
2022-05-16_20-36-06 [http-nio-8400-exec-10] INFO  c.p.a.service.MyUserDetailsService - User with username admin found
2022-05-16_20-36-06 [http-nio-8400-exec-2] INFO  c.p.a.service.MyUserDetailsService - User with username admin found
2022-05-16_20-36-06 [http-nio-8400-exec-1] INFO  c.p.a.service.MyUserDetailsService - User with username admin found
2022-05-16_20-36-06 [http-nio-8400-exec-4] INFO  c.p.a.service.MyUserDetailsService - User with username admin found
2022-05-16_20-36-06 [http-nio-8400-exec-5] INFO  c.p.a.service.MyUserDetailsService - User with username admin found
2022-05-16_20-36-06 [http-nio-8400-exec-6] INFO  c.p.a.service.MyUserDetailsService - User with username admin found
2022-05-16_20-36-06 [http-nio-8400-exec-3] INFO  c.p.a.service.MyUserDetailsService - User with username admin found
2022-05-16_20-36-06 [http-nio-8400-exec-7] INFO  c.p.a.service.MyUserDetailsService - User with username admin found
2022-05-16_20-36-06 [http-nio-8400-exec-8] INFO  c.p.a.service.MyUserDetailsService - User with username admin found
2022-05-16_20-36-06 [http-nio-8400-exec-9] INFO  c.p.a.service.MyUserDetailsService - User with username admin found
2022-05-16_20-36-06 [http-nio-8400-exec-10] INFO  c.p.a.service.MyUserDetailsService - User with username admin found
2022-05-16_20-36-06 [http-nio-8400-exec-2] INFO  c.p.a.service.MyUserDetailsService - User with username admin found
2022-05-16_20-36-06 [http-nio-8400-exec-1] INFO  c.p.a.service.MyUserDetailsService - User with username admin found
2022-05-16_20-36-06 [http-nio-8400-exec-4] INFO  c.p.a.service.MyUserDetailsService - User with username admin found
2022-05-16_20-36-06 [http-nio-8400-exec-5] INFO  c.p.a.c.JwtAuthenticationController - =============Inside authenticate Method==========
2022-05-16_20-36-06 [http-nio-8400-exec-5] INFO  c.p.a.service.MyUserDetailsService - User with username admin found
2022-05-16_20-36-06 [http-nio-8400-exec-5] INFO  c.p.a.c.JwtAuthenticationController - Authentication Successful.....
2022-05-16_20-36-06 [http-nio-8400-exec-5] INFO  c.p.a.c.JwtAuthenticationController - UsernamePasswordAuthenticationToken [Principal=com.pension.auth.model.MyUserDetails@3b8bd642, Credentials=[PROTECTED], Authenticated=true, Details=null, Granted Authorities=[ROLE_ADMIN]]
2022-05-16_20-36-06 [http-nio-8400-exec-5] INFO  c.p.a.service.MyUserDetailsService - User with username admin found
2022-05-16_20-36-06 [http-nio-8400-exec-6] INFO  c.p.a.service.MyUserDetailsService - User with username admin found
2022-05-16_20-36-06 [http-nio-8400-exec-3] INFO  c.p.a.service.MyUserDetailsService - User with username admin found
2022-05-16_20-36-06 [http-nio-8400-exec-7] INFO  c.p.a.service.MyUserDetailsService - User with username admin found
2022-05-16_20-36-06 [http-nio-8400-exec-8] INFO  c.p.a.service.MyUserDetailsService - User with username admin found
2022-05-16_20-36-06 [http-nio-8400-exec-9] INFO  c.p.a.service.MyUserDetailsService - User with username admin found
2022-05-16_20-36-06 [http-nio-8400-exec-10] INFO  c.p.a.service.MyUserDetailsService - User with username admin found
2022-05-16_20-36-06 [http-nio-8400-exec-2] INFO  c.p.a.service.MyUserDetailsService - User with username admin found
2022-05-16_20-36-06 [http-nio-8400-exec-1] INFO  c.p.a.service.MyUserDetailsService - User with username admin found
2022-05-16_20-36-06 [http-nio-8400-exec-4] INFO  c.p.a.service.MyUserDetailsService - User with username admin found
2022-05-16_20-36-06 [http-nio-8400-exec-5] INFO  c.p.a.service.MyUserDetailsService - User with username admin found
2022-05-16_20-36-06 [http-nio-8400-exec-6] INFO  c.p.a.service.MyUserDetailsService - User with username admin found
2022-05-16_20-36-06 [http-nio-8400-exec-3] INFO  c.p.a.service.MyUserDetailsService - User with username admin found
2022-05-16_20-36-06 [http-nio-8400-exec-7] INFO  c.p.a.service.MyUserDetailsService - User with username admin found
2022-05-16_20-36-06 [http-nio-8400-exec-8] INFO  c.p.a.service.MyUserDetailsService - User with username admin found
2022-05-16_20-36-06 [http-nio-8400-exec-9] INFO  c.p.a.service.MyUserDetailsService - User with username admin found
2022-05-16_20-36-06 [http-nio-8400-exec-10] INFO  c.p.a.service.MyUserDetailsService - User with username admin found
2022-05-16_20-36-06 [http-nio-8400-exec-2] INFO  c.p.a.service.MyUserDetailsService - User with username admin found
2022-05-16_20-36-06 [http-nio-8400-exec-1] INFO  c.p.a.service.MyUserDetailsService - User with username admin found
2022-05-16_20-36-06 [http-nio-8400-exec-4] INFO  c.p.a.service.MyUserDetailsService - User with username admin found
2022-05-16_20-36-06 [http-nio-8400-exec-5] INFO  c.p.a.service.MyUserDetailsService - User with username admin found
2022-05-16_20-36-06 [http-nio-8400-exec-6] INFO  c.p.a.service.MyUserDetailsService - User with username admin found
2022-05-16_20-36-06 [http-nio-8400-exec-3] INFO  c.p.a.service.MyUserDetailsService - User with username admin found
2022-05-16_20-36-06 [http-nio-8400-exec-7] INFO  c.p.a.service.MyUserDetailsService - User with username admin found
2022-05-16_20-36-06 [http-nio-8400-exec-8] INFO  c.p.a.service.MyUserDetailsService - User with username admin found
2022-05-16_20-36-06 [http-nio-8400-exec-9] INFO  c.p.a.service.MyUserDetailsService - User with username admin found
2022-05-16_20-36-06 [http-nio-8400-exec-10] INFO  c.p.a.service.MyUserDetailsService - User with username admin found
2022-05-16_20-36-06 [http-nio-8400-exec-2] INFO  c.p.a.service.MyUserDetailsService - User with username admin found
2022-05-16_20-36-06 [http-nio-8400-exec-1] INFO  c.p.a.service.MyUserDetailsService - User with username admin found
2022-05-16_20-36-06 [http-nio-8400-exec-4] INFO  c.p.a.service.MyUserDetailsService - User with username admin found
2022-05-16_20-36-06 [http-nio-8400-exec-6] INFO  c.p.a.service.MyUserDetailsService - User with username admin found
2022-05-16_20-36-06 [http-nio-8400-exec-5] INFO  c.p.a.service.MyUserDetailsService - User with username admin found
2022-05-16_20-36-06 [http-nio-8400-exec-3] INFO  c.p.a.service.MyUserDetailsService - User with username admin found
2022-05-16_20-36-06 [http-nio-8400-exec-7] INFO  c.p.a.service.MyUserDetailsService - User with username admin found
2022-05-16_20-36-06 [http-nio-8400-exec-8] INFO  c.p.a.service.MyUserDetailsService - User with username admin found
2022-05-16_20-36-06 [http-nio-8400-exec-9] INFO  c.p.a.service.MyUserDetailsService - User with username admin found
2022-05-16_20-36-06 [http-nio-8400-exec-10] INFO  c.p.a.service.MyUserDetailsService - User with username admin found
2022-05-16_20-36-06 [http-nio-8400-exec-2] INFO  c.p.a.service.MyUserDetailsService - User with username admin found
2022-05-16_20-36-06 [http-nio-8400-exec-1] INFO  c.p.a.service.MyUserDetailsService - User with username admin found
2022-05-16_20-36-06 [http-nio-8400-exec-4] INFO  c.p.a.service.MyUserDetailsService - User with username admin found
2022-05-16_20-36-06 [http-nio-8400-exec-6] INFO  c.p.a.service.MyUserDetailsService - User with username admin found
2022-05-16_20-36-06 [http-nio-8400-exec-5] INFO  c.p.a.service.MyUserDetailsService - User with username admin found
2022-05-16_20-36-06 [http-nio-8400-exec-3] INFO  c.p.a.service.MyUserDetailsService - User with username admin found
2022-05-16_20-36-06 [http-nio-8400-exec-7] INFO  c.p.a.service.MyUserDetailsService - User with username admin found
2022-05-16_20-36-06 [http-nio-8400-exec-8] INFO  c.p.a.service.MyUserDetailsService - User with username admin found
2022-05-16_20-36-06 [http-nio-8400-exec-9] INFO  c.p.a.service.MyUserDetailsService - User with username admin found
2022-05-16_20-36-06 [http-nio-8400-exec-10] INFO  c.p.a.service.MyUserDetailsService - User with username admin found
2022-05-16_20-36-06 [http-nio-8400-exec-2] INFO  c.p.a.service.MyUserDetailsService - User with username admin found
2022-05-16_20-36-06 [http-nio-8400-exec-1] INFO  c.p.a.service.MyUserDetailsService - User with username admin found
2022-05-16_20-36-06 [http-nio-8400-exec-4] INFO  c.p.a.service.MyUserDetailsService - User with username admin found
2022-05-16_20-36-06 [http-nio-8400-exec-6] INFO  c.p.a.service.MyUserDetailsService - User with username admin found
2022-05-16_20-36-06 [http-nio-8400-exec-5] INFO  c.p.a.service.MyUserDetailsService - User with username admin found
2022-05-16_20-36-06 [http-nio-8400-exec-5] INFO  c.p.a.service.MyUserDetailsService - User with username admin found
2022-05-16_20-36-06 [http-nio-8400-exec-7] INFO  c.p.a.service.MyUserDetailsService - User with username admin found
2022-05-16_20-36-06 [http-nio-8400-exec-7] INFO  c.p.a.service.MyUserDetailsService - User with username admin found
2022-05-16_20-36-06 [http-nio-8400-exec-7] INFO  c.p.a.service.MyUserDetailsService - User with username admin found
2022-05-16_20-36-06 [http-nio-8400-exec-10] INFO  c.p.a.service.MyUserDetailsService - User with username admin found
2022-05-16_20-36-06 [http-nio-8400-exec-2] INFO  c.p.a.service.MyUserDetailsService - User with username admin found
2022-05-16_20-36-06 [http-nio-8400-exec-1] INFO  c.p.a.service.MyUserDetailsService - User with username admin found
2022-05-16_20-36-06 [http-nio-8400-exec-4] INFO  c.p.a.service.MyUserDetailsService - User with username admin found
2022-05-16_20-36-06 [http-nio-8400-exec-6] INFO  c.p.a.service.MyUserDetailsService - User with username admin found
2022-05-16_20-36-06 [http-nio-8400-exec-3] INFO  c.p.a.service.MyUserDetailsService - User with username admin found
2022-05-16_20-36-06 [http-nio-8400-exec-5] INFO  c.p.a.service.MyUserDetailsService - User with username admin found
2022-05-16_20-36-06 [http-nio-8400-exec-8] INFO  c.p.a.service.MyUserDetailsService - User with username admin found
2022-05-16_20-36-06 [http-nio-8400-exec-9] INFO  c.p.a.service.MyUserDetailsService - User with username admin found
2022-05-16_20-36-06 [http-nio-8400-exec-7] INFO  c.p.a.service.MyUserDetailsService - User with username admin found
2022-05-16_20-36-06 [http-nio-8400-exec-10] INFO  c.p.a.service.MyUserDetailsService - User with username admin found
2022-05-16_20-36-06 [http-nio-8400-exec-2] INFO  c.p.a.service.MyUserDetailsService - User with username admin found
2022-05-16_20-36-06 [http-nio-8400-exec-2] INFO  c.p.a.service.MyUserDetailsService - User with username admin found
2022-05-16_20-36-06 [http-nio-8400-exec-1] INFO  c.p.a.service.MyUserDetailsService - User with username admin found
2022-05-16_20-36-06 [http-nio-8400-exec-6] INFO  c.p.a.service.MyUserDetailsService - User with username admin found
2022-05-16_20-36-06 [http-nio-8400-exec-3] INFO  c.p.a.service.MyUserDetailsService - User with username admin found
2022-05-16_20-36-06 [http-nio-8400-exec-5] INFO  c.p.a.service.MyUserDetailsService - User with username admin found
2022-05-16_20-36-06 [http-nio-8400-exec-8] INFO  c.p.a.service.MyUserDetailsService - User with username admin found
2022-05-16_20-36-06 [http-nio-8400-exec-9] INFO  c.p.a.service.MyUserDetailsService - User with username admin found
2022-05-16_20-36-06 [http-nio-8400-exec-4] INFO  c.p.a.service.MyUserDetailsService - User with username admin found
2022-05-16_20-36-06 [http-nio-8400-exec-2] INFO  c.p.a.service.MyUserDetailsService - User with username admin found
2022-05-16_20-36-06 [http-nio-8400-exec-1] INFO  c.p.a.service.MyUserDetailsService - User with username admin found
2022-05-16_20-36-06 [http-nio-8400-exec-6] INFO  c.p.a.service.MyUserDetailsService - User with username admin found
2022-05-16_20-36-06 [http-nio-8400-exec-3] INFO  c.p.a.service.MyUserDetailsService - User with username admin found
2022-05-16_20-36-06 [http-nio-8400-exec-5] INFO  c.p.a.service.MyUserDetailsService - User with username admin found
2022-05-16_20-36-06 [http-nio-8400-exec-8] INFO  c.p.a.service.MyUserDetailsService - User with username admin found
2022-05-16_20-36-06 [http-nio-8400-exec-9] INFO  c.p.a.service.MyUserDetailsService - User with username admin found
2022-05-16_20-36-06 [http-nio-8400-exec-7] INFO  c.p.a.service.MyUserDetailsService - User with username admin found
2022-05-16_20-36-06 [http-nio-8400-exec-10] INFO  c.p.a.service.MyUserDetailsService - User with username admin found
2022-05-16_20-36-06 [http-nio-8400-exec-4] INFO  c.p.a.service.MyUserDetailsService - User with username admin found
2022-05-16_20-36-06 [http-nio-8400-exec-10] INFO  c.p.a.service.MyUserDetailsService - User with username admin found
2022-05-16_20-36-06 [http-nio-8400-exec-1] INFO  c.p.a.service.MyUserDetailsService - User with username admin found
2022-05-16_20-36-06 [http-nio-8400-exec-6] INFO  c.p.a.service.MyUserDetailsService - User with username admin found
2022-05-16_20-36-06 [http-nio-8400-exec-3] INFO  c.p.a.service.MyUserDetailsService - User with username admin found
2022-05-16_20-36-06 [http-nio-8400-exec-5] INFO  c.p.a.service.MyUserDetailsService - User with username admin found
2022-05-16_20-36-06 [http-nio-8400-exec-8] INFO  c.p.a.service.MyUserDetailsService - User with username admin found
2022-05-16_20-36-06 [http-nio-8400-exec-9] INFO  c.p.a.service.MyUserDetailsService - User with username admin found
2022-05-16_20-36-06 [http-nio-8400-exec-7] INFO  c.p.a.service.MyUserDetailsService - User with username admin found
2022-05-16_20-36-06 [http-nio-8400-exec-4] INFO  c.p.a.service.MyUserDetailsService - User with username admin found
2022-05-16_20-36-06 [http-nio-8400-exec-2] INFO  c.p.a.service.MyUserDetailsService - User with username admin found
2022-05-16_20-36-06 [http-nio-8400-exec-2] INFO  c.p.a.service.MyUserDetailsService - User with username admin found
2022-05-16_20-36-06 [http-nio-8400-exec-10] INFO  c.p.a.service.MyUserDetailsService - User with username admin found
2022-05-16_20-36-06 [http-nio-8400-exec-6] INFO  c.p.a.service.MyUserDetailsService - User with username admin found
2022-05-16_20-36-06 [http-nio-8400-exec-3] INFO  c.p.a.service.MyUserDetailsService - User with username admin found
2022-05-16_20-36-06 [http-nio-8400-exec-5] INFO  c.p.a.service.MyUserDetailsService - User with username admin found
2022-05-16_20-36-06 [http-nio-8400-exec-8] INFO  c.p.a.service.MyUserDetailsService - User with username admin found
2022-05-16_20-36-06 [http-nio-8400-exec-9] INFO  c.p.a.service.MyUserDetailsService - User with username admin found
2022-05-16_20-36-06 [http-nio-8400-exec-7] INFO  c.p.a.service.MyUserDetailsService - User with username admin found
2022-05-16_20-36-06 [http-nio-8400-exec-7] INFO  c.p.a.service.MyUserDetailsService - User with username admin found
2022-05-16_20-36-06 [http-nio-8400-exec-1] INFO  c.p.a.service.MyUserDetailsService - User with username admin found
2022-05-16_20-36-06 [http-nio-8400-exec-1] INFO  c.p.a.service.MyUserDetailsService - User with username admin found
2022-05-16_20-36-06 [http-nio-8400-exec-10] INFO  c.p.a.service.MyUserDetailsService - User with username admin found
2022-05-16_20-36-06 [http-nio-8400-exec-6] INFO  c.p.a.service.MyUserDetailsService - User with username admin found
2022-05-16_20-36-06 [http-nio-8400-exec-5] INFO  c.p.a.service.MyUserDetailsService - User with username admin found
2022-05-16_20-36-06 [http-nio-8400-exec-8] INFO  c.p.a.service.MyUserDetailsService - User with username admin found
2022-05-16_20-36-06 [http-nio-8400-exec-9] INFO  c.p.a.service.MyUserDetailsService - User with username admin found
2022-05-16_20-36-06 [http-nio-8400-exec-4] INFO  c.p.a.service.MyUserDetailsService - User with username admin found
2022-05-16_20-36-06 [http-nio-8400-exec-7] INFO  c.p.a.service.MyUserDetailsService - User with username admin found
2022-05-16_20-36-06 [http-nio-8400-exec-2] INFO  c.p.a.service.MyUserDetailsService - User with username admin found
2022-05-16_20-36-06 [http-nio-8400-exec-1] INFO  c.p.a.service.MyUserDetailsService - User with username admin found
2022-05-16_20-36-06 [http-nio-8400-exec-10] INFO  c.p.a.service.MyUserDetailsService - User with username admin found
2022-05-16_20-36-06 [http-nio-8400-exec-6] INFO  c.p.a.service.MyUserDetailsService - User with username admin found
2022-05-16_20-36-06 [http-nio-8400-exec-3] INFO  c.p.a.service.MyUserDetailsService - User with username admin found
2022-05-16_20-36-06 [http-nio-8400-exec-5] INFO  c.p.a.service.MyUserDetailsService - User with username admin found
2022-05-16_20-36-06 [http-nio-8400-exec-9] INFO  c.p.a.service.MyUserDetailsService - User with username admin found
2022-05-16_20-36-06 [http-nio-8400-exec-8] INFO  c.p.a.service.MyUserDetailsService - User with username admin found
2022-05-16_20-36-06 [http-nio-8400-exec-4] INFO  c.p.a.service.MyUserDetailsService - User with username admin found
2022-05-16_20-36-06 [http-nio-8400-exec-7] INFO  c.p.a.service.MyUserDetailsService - User with username admin found
2022-05-16_20-36-06 [http-nio-8400-exec-2] INFO  c.p.a.service.MyUserDetailsService - User with username admin found
2022-05-16_20-36-06 [http-nio-8400-exec-1] INFO  c.p.a.service.MyUserDetailsService - User with username admin found
2022-05-16_20-36-06 [http-nio-8400-exec-10] INFO  c.p.a.service.MyUserDetailsService - User with username admin found
2022-05-16_20-36-06 [http-nio-8400-exec-6] INFO  c.p.a.service.MyUserDetailsService - User with username admin found
2022-05-16_20-36-06 [http-nio-8400-exec-3] INFO  c.p.a.service.MyUserDetailsService - User with username admin found
2022-05-16_20-36-06 [http-nio-8400-exec-5] INFO  c.p.a.service.MyUserDetailsService - User with username admin found
2022-05-16_20-36-06 [http-nio-8400-exec-9] INFO  c.p.a.service.MyUserDetailsService - User with username admin found
2022-05-16_20-36-06 [http-nio-8400-exec-8] INFO  c.p.a.service.MyUserDetailsService - User with username admin found
2022-05-16_20-36-06 [http-nio-8400-exec-4] INFO  c.p.a.service.MyUserDetailsService - User with username admin found
2022-05-16_20-36-06 [http-nio-8400-exec-7] INFO  c.p.a.service.MyUserDetailsService - User with username admin found
2022-05-16_20-36-06 [http-nio-8400-exec-2] INFO  c.p.a.service.MyUserDetailsService - User with username admin found
2022-05-16_20-36-06 [http-nio-8400-exec-1] INFO  c.p.a.service.MyUserDetailsService - User with username admin found
2022-05-16_20-36-06 [http-nio-8400-exec-1] INFO  c.p.a.service.MyUserDetailsService - User with username admin found
2022-05-16_20-36-06 [http-nio-8400-exec-6] INFO  c.p.a.service.MyUserDetailsService - User with username admin found
2022-05-16_20-36-06 [http-nio-8400-exec-6] INFO  c.p.a.service.MyUserDetailsService - User with username admin found
2022-05-16_20-36-06 [http-nio-8400-exec-5] INFO  c.p.a.service.MyUserDetailsService - User with username admin found
2022-05-16_20-36-06 [http-nio-8400-exec-5] INFO  c.p.a.service.MyUserDetailsService - User with username admin found
2022-05-16_20-36-06 [http-nio-8400-exec-8] INFO  c.p.a.service.MyUserDetailsService - User with username admin found
2022-05-16_20-36-06 [http-nio-8400-exec-4] INFO  c.p.a.service.MyUserDetailsService - User with username admin found
2022-05-16_20-36-06 [http-nio-8400-exec-7] INFO  c.p.a.service.MyUserDetailsService - User with username admin found
2022-05-16_20-36-06 [http-nio-8400-exec-2] INFO  c.p.a.service.MyUserDetailsService - User with username admin found
2022-05-16_20-36-06 [http-nio-8400-exec-7] INFO  c.p.a.service.MyUserDetailsService - User with username admin found
2022-05-16_20-36-06 [http-nio-8400-exec-2] INFO  c.p.a.service.MyUserDetailsService - User with username admin found
2022-05-16_20-36-06 [http-nio-8400-exec-3] INFO  c.p.a.service.MyUserDetailsService - User with username admin found
2022-05-16_20-36-06 [http-nio-8400-exec-6] INFO  c.p.a.service.MyUserDetailsService - User with username admin found
2022-05-16_20-36-06 [http-nio-8400-exec-9] INFO  c.p.a.c.JwtAuthenticationController - =============Inside authenticate Method==========
2022-05-16_20-36-06 [http-nio-8400-exec-9] INFO  c.p.a.service.MyUserDetailsService - User with username admin found
2022-05-16_20-36-06 [http-nio-8400-exec-9] INFO  c.p.a.c.JwtAuthenticationController - Authentication Successful.....
2022-05-16_20-36-06 [http-nio-8400-exec-9] INFO  c.p.a.c.JwtAuthenticationController - UsernamePasswordAuthenticationToken [Principal=com.pension.auth.model.MyUserDetails@46c7c8c, Credentials=[PROTECTED], Authenticated=true, Details=null, Granted Authorities=[ROLE_ADMIN]]
2022-05-16_20-36-06 [http-nio-8400-exec-9] INFO  c.p.a.service.MyUserDetailsService - User with username admin found
2022-05-16_20-36-06 [http-nio-8400-exec-5] INFO  c.p.a.service.MyUserDetailsService - User with username admin found
2022-05-16_20-36-06 [http-nio-8400-exec-5] INFO  c.p.a.service.MyUserDetailsService - User with username admin found
2022-05-16_20-36-06 [http-nio-8400-exec-4] INFO  c.p.a.service.MyUserDetailsService - User with username admin found
2022-05-16_20-36-06 [http-nio-8400-exec-7] INFO  c.p.a.service.MyUserDetailsService - User with username admin found
2022-05-16_20-36-06 [http-nio-8400-exec-10] INFO  c.p.a.service.MyUserDetailsService - User with username admin found
2022-05-16_20-36-06 [http-nio-8400-exec-2] INFO  c.p.a.service.MyUserDetailsService - User with username admin found
2022-05-16_20-36-06 [http-nio-8400-exec-1] INFO  c.p.a.service.MyUserDetailsService - User with username admin found
2022-05-16_20-36-06 [http-nio-8400-exec-1] INFO  c.p.a.service.MyUserDetailsService - User with username admin found
2022-05-16_20-36-06 [http-nio-8400-exec-6] INFO  c.p.a.service.MyUserDetailsService - User with username admin found
2022-05-16_20-36-06 [http-nio-8400-exec-9] INFO  c.p.a.service.MyUserDetailsService - User with username admin found
2022-05-16_20-36-06 [http-nio-8400-exec-8] INFO  c.p.a.service.MyUserDetailsService - User with username admin found
2022-05-16_20-36-06 [http-nio-8400-exec-5] INFO  c.p.a.service.MyUserDetailsService - User with username admin found
2022-05-16_20-36-06 [http-nio-8400-exec-4] INFO  c.p.a.service.MyUserDetailsService - User with username admin found
2022-05-16_20-36-06 [http-nio-8400-exec-4] INFO  c.p.a.service.MyUserDetailsService - User with username admin found
2022-05-16_20-36-06 [http-nio-8400-exec-10] INFO  c.p.a.service.MyUserDetailsService - User with username admin found
2022-05-16_20-36-06 [http-nio-8400-exec-2] INFO  c.p.a.service.MyUserDetailsService - User with username admin found
2022-05-16_20-36-06 [http-nio-8400-exec-3] INFO  c.p.a.service.MyUserDetailsService - User with username admin found
2022-05-16_20-36-06 [http-nio-8400-exec-1] INFO  c.p.a.service.MyUserDetailsService - User with username admin found
2022-05-16_20-36-06 [http-nio-8400-exec-6] INFO  c.p.a.service.MyUserDetailsService - User with username admin found
2022-05-16_20-36-06 [http-nio-8400-exec-9] INFO  c.p.a.service.MyUserDetailsService - User with username admin found
2022-05-16_20-36-06 [http-nio-8400-exec-8] INFO  c.p.a.service.MyUserDetailsService - User with username admin found
2022-05-16_20-36-06 [http-nio-8400-exec-5] INFO  c.p.a.service.MyUserDetailsService - User with username admin found
2022-05-16_20-36-06 [http-nio-8400-exec-7] INFO  c.p.a.service.MyUserDetailsService - User with username admin found
2022-05-16_20-36-06 [http-nio-8400-exec-7] INFO  c.p.a.service.MyUserDetailsService - User with username admin found
2022-05-16_20-36-06 [http-nio-8400-exec-10] INFO  c.p.a.service.MyUserDetailsService - User with username admin found
2022-05-16_20-36-06 [http-nio-8400-exec-2] INFO  c.p.a.service.MyUserDetailsService - User with username admin found
2022-05-16_20-36-06 [http-nio-8400-exec-3] INFO  c.p.a.service.MyUserDetailsService - User with username admin found
2022-05-16_20-36-06 [http-nio-8400-exec-1] INFO  c.p.a.service.MyUserDetailsService - User with username admin found
2022-05-16_20-36-06 [http-nio-8400-exec-6] INFO  c.p.a.service.MyUserDetailsService - User with username admin found
2022-05-16_20-36-06 [http-nio-8400-exec-6] INFO  c.p.a.service.MyUserDetailsService - User with username admin found
2022-05-16_20-36-06 [http-nio-8400-exec-8] INFO  c.p.a.service.MyUserDetailsService - User with username admin found
2022-05-16_20-36-06 [http-nio-8400-exec-8] INFO  c.p.a.service.MyUserDetailsService - User with username admin found
2022-05-16_20-36-06 [http-nio-8400-exec-9] INFO  c.p.a.service.MyUserDetailsService - User with username admin found
2022-05-16_20-36-06 [http-nio-8400-exec-5] INFO  c.p.a.service.MyUserDetailsService - User with username admin found
2022-05-16_20-36-06 [http-nio-8400-exec-10] INFO  c.p.a.service.MyUserDetailsService - User with username admin found
2022-05-16_20-36-06 [http-nio-8400-exec-2] INFO  c.p.a.service.MyUserDetailsService - User with username admin found
2022-05-16_20-36-06 [http-nio-8400-exec-3] INFO  c.p.a.service.MyUserDetailsService - User with username admin found
2022-05-16_20-36-06 [http-nio-8400-exec-3] INFO  c.p.a.service.MyUserDetailsService - User with username admin found
2022-05-16_20-36-06 [http-nio-8400-exec-8] INFO  c.p.a.service.MyUserDetailsService - User with username admin found
2022-05-16_20-36-06 [http-nio-8400-exec-4] INFO  c.p.a.service.MyUserDetailsService - User with username admin found
2022-05-16_20-36-06 [http-nio-8400-exec-9] INFO  c.p.a.service.MyUserDetailsService - User with username admin found
2022-05-16_20-36-06 [http-nio-8400-exec-9] INFO  c.p.a.service.MyUserDetailsService - User with username admin found
2022-05-16_20-36-06 [http-nio-8400-exec-7] INFO  c.p.a.service.MyUserDetailsService - User with username admin found
2022-05-16_20-36-06 [http-nio-8400-exec-10] INFO  c.p.a.service.MyUserDetailsService - User with username admin found
2022-05-16_20-36-06 [http-nio-8400-exec-2] INFO  c.p.a.service.MyUserDetailsService - User with username admin found
2022-05-16_20-36-06 [http-nio-8400-exec-1] INFO  c.p.a.service.MyUserDetailsService - User with username admin found
2022-05-16_20-36-06 [http-nio-8400-exec-3] INFO  c.p.a.service.MyUserDetailsService - User with username admin found
2022-05-16_20-36-06 [http-nio-8400-exec-6] INFO  c.p.a.service.MyUserDetailsService - User with username admin found
2022-05-16_20-36-06 [http-nio-8400-exec-8] INFO  c.p.a.service.MyUserDetailsService - User with username admin found
2022-05-16_20-36-06 [http-nio-8400-exec-4] INFO  c.p.a.service.MyUserDetailsService - User with username admin found
2022-05-16_20-36-06 [http-nio-8400-exec-5] INFO  c.p.a.service.MyUserDetailsService - User with username admin found
2022-05-16_20-36-06 [http-nio-8400-exec-9] INFO  c.p.a.service.MyUserDetailsService - User with username admin found
2022-05-16_20-36-06 [http-nio-8400-exec-7] INFO  c.p.a.service.MyUserDetailsService - User with username admin found
2022-05-16_20-36-06 [http-nio-8400-exec-10] INFO  c.p.a.service.MyUserDetailsService - User with username admin found
2022-05-16_20-36-06 [http-nio-8400-exec-2] INFO  c.p.a.service.MyUserDetailsService - User with username admin found
2022-05-16_20-36-06 [http-nio-8400-exec-10] INFO  c.p.a.service.MyUserDetailsService - User with username admin found
2022-05-16_20-36-06 [http-nio-8400-exec-6] INFO  c.p.a.service.MyUserDetailsService - User with username admin found
2022-05-16_20-36-06 [http-nio-8400-exec-8] INFO  c.p.a.service.MyUserDetailsService - User with username admin found
2022-05-16_20-36-06 [http-nio-8400-exec-4] INFO  c.p.a.service.MyUserDetailsService - User with username admin found
2022-05-16_20-36-06 [http-nio-8400-exec-5] INFO  c.p.a.service.MyUserDetailsService - User with username admin found
2022-05-16_20-36-06 [http-nio-8400-exec-9] INFO  c.p.a.service.MyUserDetailsService - User with username admin found
2022-05-16_20-36-06 [http-nio-8400-exec-7] INFO  c.p.a.service.MyUserDetailsService - User with username admin found
2022-05-16_20-36-06 [http-nio-8400-exec-2] INFO  c.p.a.service.MyUserDetailsService - User with username admin found
2022-05-16_20-36-06 [http-nio-8400-exec-1] INFO  c.p.a.service.MyUserDetailsService - User with username admin found
2022-05-16_20-36-06 [http-nio-8400-exec-10] INFO  c.p.a.service.MyUserDetailsService - User with username admin found
2022-05-16_20-36-06 [http-nio-8400-exec-3] INFO  c.p.a.service.MyUserDetailsService - User with username admin found
2022-05-16_20-36-06 [http-nio-8400-exec-6] INFO  c.p.a.service.MyUserDetailsService - User with username admin found
2022-05-16_20-36-06 [http-nio-8400-exec-6] INFO  c.p.a.service.MyUserDetailsService - User with username admin found
2022-05-16_20-36-06 [http-nio-8400-exec-8] INFO  c.p.a.service.MyUserDetailsService - User with username admin found
2022-05-16_20-36-06 [http-nio-8400-exec-5] INFO  c.p.a.service.MyUserDetailsService - User with username admin found
2022-05-16_20-36-06 [http-nio-8400-exec-1] INFO  c.p.a.service.MyUserDetailsService - User with username admin found
2022-05-16_20-36-06 [http-nio-8400-exec-10] INFO  c.p.a.service.MyUserDetailsService - User with username admin found
2022-05-16_20-36-06 [http-nio-8400-exec-3] INFO  c.p.a.service.MyUserDetailsService - User with username admin found
2022-05-16_20-36-06 [http-nio-8400-exec-6] INFO  c.p.a.service.MyUserDetailsService - User with username admin found
2022-05-16_20-36-06 [http-nio-8400-exec-4] INFO  c.p.a.service.MyUserDetailsService - User with username admin found
2022-05-16_20-36-06 [http-nio-8400-exec-8] INFO  c.p.a.service.MyUserDetailsService - User with username admin found
2022-05-16_20-36-06 [http-nio-8400-exec-5] INFO  c.p.a.service.MyUserDetailsService - User with username admin found
2022-05-16_20-36-06 [http-nio-8400-exec-2] INFO  c.p.a.service.MyUserDetailsService - User with username admin found
2022-05-16_20-36-06 [http-nio-8400-exec-9] INFO  c.p.a.service.MyUserDetailsService - User with username admin found
2022-05-16_20-36-06 [http-nio-8400-exec-7] INFO  c.p.a.service.MyUserDetailsService - User with username admin found
2022-05-16_20-36-06 [http-nio-8400-exec-1] INFO  c.p.a.service.MyUserDetailsService - User with username admin found
2022-05-16_20-36-06 [http-nio-8400-exec-10] INFO  c.p.a.service.MyUserDetailsService - User with username admin found
2022-05-16_20-36-06 [http-nio-8400-exec-3] INFO  c.p.a.service.MyUserDetailsService - User with username admin found
2022-05-16_20-36-06 [http-nio-8400-exec-6] INFO  c.p.a.service.MyUserDetailsService - User with username admin found
2022-05-16_20-36-06 [http-nio-8400-exec-4] INFO  c.p.a.c.JwtAuthenticationController - =============Inside authenticate Method==========
2022-05-16_20-36-06 [http-nio-8400-exec-4] INFO  c.p.a.service.MyUserDetailsService - User with username admin found
2022-05-16_20-36-06 [http-nio-8400-exec-4] INFO  c.p.a.c.JwtAuthenticationController - Authentication Successful.....
2022-05-16_20-36-06 [http-nio-8400-exec-4] INFO  c.p.a.c.JwtAuthenticationController - UsernamePasswordAuthenticationToken [Principal=com.pension.auth.model.MyUserDetails@70a0a1c7, Credentials=[PROTECTED], Authenticated=true, Details=null, Granted Authorities=[ROLE_ADMIN]]
2022-05-16_20-36-06 [http-nio-8400-exec-4] INFO  c.p.a.service.MyUserDetailsService - User with username admin found
2022-05-16_20-36-06 [http-nio-8400-exec-8] INFO  c.p.a.c.JwtAuthenticationController - =============Inside authenticate Method==========
2022-05-16_20-36-06 [http-nio-8400-exec-8] INFO  c.p.a.service.MyUserDetailsService - User with username admin found
2022-05-16_20-36-06 [http-nio-8400-exec-8] INFO  c.p.a.c.JwtAuthenticationController - Authentication Successful.....
2022-05-16_20-36-06 [http-nio-8400-exec-8] INFO  c.p.a.c.JwtAuthenticationController - UsernamePasswordAuthenticationToken [Principal=com.pension.auth.model.MyUserDetails@4cfd6c12, Credentials=[PROTECTED], Authenticated=true, Details=null, Granted Authorities=[ROLE_ADMIN]]
2022-05-16_20-36-06 [http-nio-8400-exec-8] INFO  c.p.a.service.MyUserDetailsService - User with username admin found
2022-05-16_20-36-06 [http-nio-8400-exec-5] INFO  c.p.a.service.MyUserDetailsService - User with username admin found
2022-05-16_20-36-06 [http-nio-8400-exec-2] INFO  c.p.a.service.MyUserDetailsService - User with username admin found
2022-05-16_20-36-06 [http-nio-8400-exec-9] INFO  c.p.a.service.MyUserDetailsService - User with username admin found
2022-05-16_20-36-06 [http-nio-8400-exec-7] INFO  c.p.a.service.MyUserDetailsService - User with username admin found
2022-05-16_20-36-06 [http-nio-8400-exec-1] INFO  c.p.a.service.MyUserDetailsService - User with username admin found
2022-05-16_20-36-06 [http-nio-8400-exec-10] INFO  c.p.a.service.MyUserDetailsService - User with username admin found
2022-05-16_20-36-06 [http-nio-8400-exec-3] INFO  c.p.a.service.MyUserDetailsService - User with username admin found
2022-05-16_20-36-06 [http-nio-8400-exec-6] INFO  c.p.a.service.MyUserDetailsService - User with username admin found
2022-05-16_20-36-06 [http-nio-8400-exec-4] INFO  c.p.a.service.MyUserDetailsService - User with username admin found
2022-05-16_20-36-06 [http-nio-8400-exec-8] INFO  c.p.a.service.MyUserDetailsService - User with username admin found
2022-05-16_20-36-06 [http-nio-8400-exec-5] INFO  c.p.a.service.MyUserDetailsService - User with username admin found
2022-05-16_20-36-06 [http-nio-8400-exec-2] INFO  c.p.a.service.MyUserDetailsService - User with username admin found
2022-05-16_20-36-06 [http-nio-8400-exec-9] INFO  c.p.a.service.MyUserDetailsService - User with username admin found
2022-05-16_20-36-06 [http-nio-8400-exec-9] INFO  c.p.a.service.MyUserDetailsService - User with username admin found
2022-05-16_20-36-06 [http-nio-8400-exec-1] INFO  c.p.a.service.MyUserDetailsService - User with username admin found
2022-05-16_20-36-06 [http-nio-8400-exec-10] INFO  c.p.a.service.MyUserDetailsService - User with username admin found
2022-05-16_20-36-06 [http-nio-8400-exec-3] INFO  c.p.a.service.MyUserDetailsService - User with username admin found
2022-05-16_20-36-06 [http-nio-8400-exec-6] INFO  c.p.a.service.MyUserDetailsService - User with username admin found
2022-05-16_20-36-06 [http-nio-8400-exec-4] INFO  c.p.a.service.MyUserDetailsService - User with username admin found
2022-05-16_20-36-06 [http-nio-8400-exec-8] INFO  c.p.a.service.MyUserDetailsService - User with username admin found
2022-05-16_20-36-06 [http-nio-8400-exec-5] INFO  c.p.a.service.MyUserDetailsService - User with username admin found
2022-05-16_20-36-06 [http-nio-8400-exec-2] INFO  c.p.a.service.MyUserDetailsService - User with username admin found
2022-05-16_20-36-06 [http-nio-8400-exec-7] INFO  c.p.a.service.MyUserDetailsService - User with username admin found
2022-05-16_20-36-06 [http-nio-8400-exec-9] INFO  c.p.a.service.MyUserDetailsService - User with username admin found
2022-05-16_20-36-06 [http-nio-8400-exec-1] INFO  c.p.a.service.MyUserDetailsService - User with username admin found
2022-05-16_20-36-06 [http-nio-8400-exec-10] INFO  c.p.a.service.MyUserDetailsService - User with username admin found
2022-05-16_20-36-06 [http-nio-8400-exec-3] INFO  c.p.a.service.MyUserDetailsService - User with username admin found
2022-05-16_20-36-06 [http-nio-8400-exec-6] INFO  c.p.a.service.MyUserDetailsService - User with username admin found
2022-05-16_20-36-06 [http-nio-8400-exec-4] INFO  c.p.a.service.MyUserDetailsService - User with username admin found
2022-05-16_20-36-06 [http-nio-8400-exec-8] INFO  c.p.a.service.MyUserDetailsService - User with username admin found
2022-05-16_20-36-06 [http-nio-8400-exec-5] INFO  c.p.a.service.MyUserDetailsService - User with username admin found
2022-05-16_20-36-06 [http-nio-8400-exec-2] INFO  c.p.a.service.MyUserDetailsService - User with username admin found
2022-05-16_20-36-06 [http-nio-8400-exec-7] INFO  c.p.a.service.MyUserDetailsService - User with username admin found
2022-05-16_20-36-06 [http-nio-8400-exec-9] INFO  c.p.a.service.MyUserDetailsService - User with username admin found
2022-05-16_20-36-06 [http-nio-8400-exec-1] INFO  c.p.a.service.MyUserDetailsService - User with username admin found
2022-05-16_20-36-06 [http-nio-8400-exec-10] INFO  c.p.a.service.MyUserDetailsService - User with username admin found
2022-05-16_20-36-06 [http-nio-8400-exec-3] INFO  c.p.a.service.MyUserDetailsService - User with username admin found
2022-05-16_20-36-06 [http-nio-8400-exec-3] INFO  c.p.a.service.MyUserDetailsService - User with username admin found
2022-05-16_20-36-06 [http-nio-8400-exec-4] INFO  c.p.a.service.MyUserDetailsService - User with username admin found
2022-05-16_20-36-06 [http-nio-8400-exec-8] INFO  c.p.a.service.MyUserDetailsService - User with username admin found
2022-05-16_20-36-06 [http-nio-8400-exec-5] INFO  c.p.a.service.MyUserDetailsService - User with username admin found
2022-05-16_20-36-06 [http-nio-8400-exec-2] INFO  c.p.a.service.MyUserDetailsService - User with username admin found
2022-05-16_20-36-06 [http-nio-8400-exec-7] INFO  c.p.a.service.MyUserDetailsService - User with username admin found
2022-05-16_20-36-06 [http-nio-8400-exec-9] INFO  c.p.a.service.MyUserDetailsService - User with username admin found
2022-05-16_20-36-06 [http-nio-8400-exec-3] INFO  c.p.a.c.JwtAuthenticationController - =============Inside authenticate Method==========
2022-05-16_20-36-06 [http-nio-8400-exec-3] INFO  c.p.a.service.MyUserDetailsService - User with username admin found
2022-05-16_20-36-06 [http-nio-8400-exec-3] INFO  c.p.a.c.JwtAuthenticationController - Authentication Successful.....
2022-05-16_20-36-06 [http-nio-8400-exec-3] INFO  c.p.a.c.JwtAuthenticationController - UsernamePasswordAuthenticationToken [Principal=com.pension.auth.model.MyUserDetails@70504f2b, Credentials=[PROTECTED], Authenticated=true, Details=null, Granted Authorities=[ROLE_ADMIN]]
2022-05-16_20-36-06 [http-nio-8400-exec-3] INFO  c.p.a.service.MyUserDetailsService - User with username admin found
2022-05-16_20-36-06 [http-nio-8400-exec-6] INFO  c.p.a.service.MyUserDetailsService - User with username admin found
2022-05-16_20-36-06 [http-nio-8400-exec-4] INFO  c.p.a.service.MyUserDetailsService - User with username admin found
2022-05-16_20-36-06 [http-nio-8400-exec-8] INFO  c.p.a.service.MyUserDetailsService - User with username admin found
2022-05-16_20-36-06 [http-nio-8400-exec-8] INFO  c.p.a.service.MyUserDetailsService - User with username admin found
2022-05-16_20-36-06 [http-nio-8400-exec-7] INFO  c.p.a.service.MyUserDetailsService - User with username admin found
2022-05-16_20-36-06 [http-nio-8400-exec-9] INFO  c.p.a.service.MyUserDetailsService - User with username admin found
2022-05-16_20-36-06 [http-nio-8400-exec-10] INFO  c.p.a.service.MyUserDetailsService - User with username admin found
2022-05-16_20-36-06 [http-nio-8400-exec-3] INFO  c.p.a.service.MyUserDetailsService - User with username admin found
2022-05-16_20-36-06 [http-nio-8400-exec-6] INFO  c.p.a.service.MyUserDetailsService - User with username admin found
2022-05-16_20-36-06 [http-nio-8400-exec-4] INFO  c.p.a.service.MyUserDetailsService - User with username admin found
2022-05-16_20-36-06 [http-nio-8400-exec-5] INFO  c.p.a.service.MyUserDetailsService - User with username admin found
2022-05-16_20-36-06 [http-nio-8400-exec-8] INFO  c.p.a.service.MyUserDetailsService - User with username admin found
2022-05-16_20-36-06 [http-nio-8400-exec-2] INFO  c.p.a.service.MyUserDetailsService - User with username admin found
2022-05-16_20-36-06 [http-nio-8400-exec-7] INFO  c.p.a.service.MyUserDetailsService - User with username admin found
2022-05-16_20-36-06 [http-nio-8400-exec-9] INFO  c.p.a.service.MyUserDetailsService - User with username admin found
2022-05-16_20-36-06 [http-nio-8400-exec-1] INFO  c.p.a.service.MyUserDetailsService - User with username admin found
2022-05-16_20-36-06 [http-nio-8400-exec-10] INFO  c.p.a.service.MyUserDetailsService - User with username admin found
2022-05-16_20-36-06 [http-nio-8400-exec-3] INFO  c.p.a.service.MyUserDetailsService - User with username admin found
2022-05-16_20-36-06 [http-nio-8400-exec-3] INFO  c.p.a.service.MyUserDetailsService - User with username admin found
2022-05-16_20-36-06 [http-nio-8400-exec-10] INFO  c.p.a.service.MyUserDetailsService - User with username admin found
2022-05-16_20-36-06 [http-nio-8400-exec-5] INFO  c.p.a.service.MyUserDetailsService - User with username admin found
2022-05-16_20-36-06 [http-nio-8400-exec-8] INFO  c.p.a.service.MyUserDetailsService - User with username admin found
2022-05-16_20-36-06 [http-nio-8400-exec-2] INFO  c.p.a.service.MyUserDetailsService - User with username admin found
2022-05-16_20-36-06 [http-nio-8400-exec-7] INFO  c.p.a.service.MyUserDetailsService - User with username admin found
2022-05-16_20-36-06 [http-nio-8400-exec-9] INFO  c.p.a.service.MyUserDetailsService - User with username admin found
2022-05-16_20-36-06 [http-nio-8400-exec-1] INFO  c.p.a.service.MyUserDetailsService - User with username admin found
2022-05-16_20-36-06 [http-nio-8400-exec-6] INFO  c.p.a.service.MyUserDetailsService - User with username admin found
2022-05-16_20-36-06 [http-nio-8400-exec-6] INFO  c.p.a.service.MyUserDetailsService - User with username admin found
2022-05-16_20-36-06 [http-nio-8400-exec-3] INFO  c.p.a.service.MyUserDetailsService - User with username admin found
2022-05-16_20-36-06 [http-nio-8400-exec-10] INFO  c.p.a.service.MyUserDetailsService - User with username admin found
2022-05-16_20-36-06 [http-nio-8400-exec-5] INFO  c.p.a.service.MyUserDetailsService - User with username admin found
2022-05-16_20-36-06 [http-nio-8400-exec-5] INFO  c.p.a.service.MyUserDetailsService - User with username admin found
2022-05-16_20-36-06 [http-nio-8400-exec-7] INFO  c.p.a.service.MyUserDetailsService - User with username admin found
2022-05-16_20-36-06 [http-nio-8400-exec-9] INFO  c.p.a.service.MyUserDetailsService - User with username admin found
2022-05-16_20-36-06 [http-nio-8400-exec-1] INFO  c.p.a.service.MyUserDetailsService - User with username admin found
2022-05-16_20-36-06 [http-nio-8400-exec-4] INFO  c.p.a.service.MyUserDetailsService - User with username admin found
2022-05-16_20-36-06 [http-nio-8400-exec-6] INFO  c.p.a.service.MyUserDetailsService - User with username admin found
2022-05-16_20-36-06 [http-nio-8400-exec-3] INFO  c.p.a.service.MyUserDetailsService - User with username admin found
2022-05-16_20-36-06 [http-nio-8400-exec-8] INFO  c.p.a.service.MyUserDetailsService - User with username admin found
2022-05-16_20-36-06 [http-nio-8400-exec-5] INFO  c.p.a.service.MyUserDetailsService - User with username admin found
2022-05-16_20-36-06 [http-nio-8400-exec-2] INFO  c.p.a.service.MyUserDetailsService - User with username admin found
2022-05-16_20-36-06 [http-nio-8400-exec-7] INFO  c.p.a.service.MyUserDetailsService - User with username admin found
2022-05-16_20-36-06 [http-nio-8400-exec-9] INFO  c.p.a.service.MyUserDetailsService - User with username admin found
2022-05-16_20-36-06 [http-nio-8400-exec-1] INFO  c.p.a.service.MyUserDetailsService - User with username admin found
2022-05-16_20-36-06 [http-nio-8400-exec-1] INFO  c.p.a.service.MyUserDetailsService - User with username admin found
2022-05-16_20-36-06 [http-nio-8400-exec-1] INFO  c.p.a.service.MyUserDetailsService - User with username admin found
2022-05-16_20-36-06 [http-nio-8400-exec-3] INFO  c.p.a.service.MyUserDetailsService - User with username admin found
2022-05-16_20-36-06 [http-nio-8400-exec-10] INFO  c.p.a.service.MyUserDetailsService - User with username admin found
2022-05-16_20-36-06 [http-nio-8400-exec-8] INFO  c.p.a.c.JwtAuthenticationController - =============Inside authenticate Method==========
2022-05-16_20-36-06 [http-nio-8400-exec-8] INFO  c.p.a.service.MyUserDetailsService - User with username ramesh found
2022-05-16_20-36-06 [http-nio-8400-exec-8] INFO  c.p.a.c.JwtAuthenticationController - Authentication Successful.....
2022-05-16_20-36-06 [http-nio-8400-exec-8] INFO  c.p.a.c.JwtAuthenticationController - UsernamePasswordAuthenticationToken [Principal=com.pension.auth.model.MyUserDetails@330701c, Credentials=[PROTECTED], Authenticated=true, Details=null, Granted Authorities=[ROLE_USER]]
2022-05-16_20-36-06 [http-nio-8400-exec-8] INFO  c.p.a.service.MyUserDetailsService - User with username ramesh found
2022-05-16_20-36-06 [http-nio-8400-exec-5] INFO  c.p.a.service.MyUserDetailsService - User with username ramesh found
2022-05-16_20-36-06 [http-nio-8400-exec-2] INFO  c.p.a.service.MyUserDetailsService - User with username ramesh found
2022-05-16_20-36-06 [http-nio-8400-exec-7] INFO  c.p.a.service.MyUserDetailsService - User with username ramesh found
2022-05-16_20-36-06 [http-nio-8400-exec-9] INFO  c.p.a.service.MyUserDetailsService - User with username ramesh found
2022-05-16_20-36-06 [http-nio-8400-exec-4] INFO  c.p.a.service.MyUserDetailsService - User with username ramesh found
2022-05-16_20-36-06 [http-nio-8400-exec-6] INFO  c.p.a.service.MyUserDetailsService - User with username ramesh found
2022-05-16_20-36-06 [http-nio-8400-exec-1] INFO  c.p.a.service.MyUserDetailsService - User with username ramesh found
2022-05-16_20-36-06 [http-nio-8400-exec-3] INFO  c.p.a.service.MyUserDetailsService - User with username ramesh found
2022-05-16_20-36-06 [http-nio-8400-exec-10] INFO  c.p.a.service.MyUserDetailsService - User with username ramesh found
2022-05-16_20-36-06 [http-nio-8400-exec-8] INFO  c.p.a.service.MyUserDetailsService - User with username ramesh found
2022-05-16_20-36-06 [http-nio-8400-exec-9] INFO  c.p.a.service.MyUserDetailsService - User with username ramesh found
2022-05-16_20-36-06 [http-nio-8400-exec-4] INFO  c.p.a.service.MyUserDetailsService - User with username ramesh found
2022-05-16_20-36-06 [http-nio-8400-exec-6] INFO  c.p.a.service.MyUserDetailsService - User with username ramesh found
2022-05-16_20-36-06 [http-nio-8400-exec-1] INFO  c.p.a.service.MyUserDetailsService - User with username ramesh found
2022-05-16_20-36-06 [http-nio-8400-exec-3] INFO  c.p.a.service.MyUserDetailsService - User with username ramesh found
2022-05-16_20-36-06 [http-nio-8400-exec-10] INFO  c.p.a.service.MyUserDetailsService - User with username ramesh found
2022-05-16_20-36-06 [http-nio-8400-exec-2] INFO  c.p.a.service.MyUserDetailsService - User with username ramesh found
2022-05-16_20-36-06 [http-nio-8400-exec-7] INFO  c.p.a.service.MyUserDetailsService - User with username ramesh found
2022-05-16_20-36-06 [http-nio-8400-exec-9] INFO  c.p.a.service.MyUserDetailsService - User with username ramesh found
2022-05-16_20-36-06 [http-nio-8400-exec-4] INFO  c.p.a.service.MyUserDetailsService - User with username ramesh found
2022-05-16_20-36-06 [http-nio-8400-exec-1] INFO  c.p.a.service.MyUserDetailsService - User with username ramesh found
2022-05-16_20-36-06 [http-nio-8400-exec-3] INFO  c.p.a.service.MyUserDetailsService - User with username ramesh found
2022-05-16_20-36-06 [http-nio-8400-exec-10] INFO  c.p.a.service.MyUserDetailsService - User with username ramesh found
2022-05-16_20-36-06 [http-nio-8400-exec-8] INFO  c.p.a.service.MyUserDetailsService - User with username ramesh found
2022-05-16_20-36-06 [http-nio-8400-exec-2] INFO  c.p.a.service.MyUserDetailsService - User with username ramesh found
2022-05-16_20-36-06 [http-nio-8400-exec-7] INFO  c.p.a.service.MyUserDetailsService - User with username ramesh found
2022-05-16_20-36-06 [http-nio-8400-exec-5] INFO  c.p.a.service.MyUserDetailsService - User with username ramesh found
2022-05-16_20-36-06 [http-nio-8400-exec-9] INFO  c.p.a.service.MyUserDetailsService - User with username ramesh found
2022-05-16_20-36-06 [http-nio-8400-exec-4] INFO  c.p.a.service.MyUserDetailsService - User with username ramesh found
2022-05-16_20-36-06 [http-nio-8400-exec-6] INFO  c.p.a.service.MyUserDetailsService - User with username ramesh found
2022-05-16_20-36-06 [http-nio-8400-exec-1] INFO  c.p.a.service.MyUserDetailsService - User with username ramesh found
2022-05-16_20-36-06 [http-nio-8400-exec-3] INFO  c.p.a.service.MyUserDetailsService - User with username ramesh found
