2022-05-22_21-22-24 [restartedMain] INFO  c.p.d.PensionerDetailServiceApplication - Starting PensionerDetailServiceApplication using Java 1.8.0_281 on DESKTOP-K8KSJO3 with PID 14948 (D:\web dev\projects\Pension_Management_System\PensionerDetailsService\target\classes started by Raktim in D:\web dev\projects\Pension_Management_System\PensionerDetailsService)
2022-05-22_21-22-24 [restartedMain] INFO  c.p.d.PensionerDetailServiceApplication - No active profile set, falling back to default profiles: default
2022-05-22_21-22-24 [restartedMain] INFO  o.s.b.d.e.DevToolsPropertyDefaultsPostProcessor - Devtools property defaults active! Set 'spring.devtools.add-properties' to 'false' to disable
2022-05-22_21-22-24 [restartedMain] INFO  o.s.b.d.e.DevToolsPropertyDefaultsPostProcessor - For additional web related logging consider setting the 'logging.level.web' property to 'DEBUG'
2022-05-22_21-22-24 [restartedMain] INFO  o.s.d.r.c.RepositoryConfigurationDelegate - Bootstrapping Spring Data JPA repositories in DEFAULT mode.
2022-05-22_21-22-24 [restartedMain] INFO  o.s.d.r.c.RepositoryConfigurationDelegate - Finished Spring Data repository scanning in 14 ms. Found 0 JPA repository interfaces.
2022-05-22_21-22-24 [restartedMain] INFO  o.s.cloud.context.scope.GenericScope - BeanFactory id=a85e05a1-dad6-33c0-bfef-b28700c02d5b
2022-05-22_21-22-24 [restartedMain] INFO  o.s.b.w.e.tomcat.TomcatWebServer - Tomcat initialized with port(s): 8200 (http)
2022-05-22_21-22-24 [restartedMain] INFO  o.a.coyote.http11.Http11NioProtocol - Initializing ProtocolHandler ["http-nio-8200"]
2022-05-22_21-22-24 [restartedMain] INFO  o.a.catalina.core.StandardService - Starting service [Tomcat]
2022-05-22_21-22-24 [restartedMain] INFO  o.a.catalina.core.StandardEngine - Starting Servlet engine: [Apache Tomcat/9.0.56]
2022-05-22_21-22-24 [restartedMain] INFO  o.a.c.c.C.[.[localhost].[/pensioner] - Initializing Spring embedded WebApplicationContext
2022-05-22_21-22-24 [restartedMain] INFO  o.s.b.w.s.c.ServletWebServerApplicationContext - Root WebApplicationContext: initialization completed in 6360 ms
2022-05-22_21-22-24 [restartedMain] INFO  com.zaxxer.hikari.HikariDataSource - HikariPool-1 - Starting...
2022-05-22_21-22-24 [restartedMain] INFO  com.zaxxer.hikari.HikariDataSource - HikariPool-1 - Start completed.
2022-05-22_21-22-24 [restartedMain] INFO  o.s.b.a.h.H2ConsoleAutoConfiguration - H2 console available at '/db'. Database available at 'jdbc:h2:mem:e4611945-1099-49dc-9973-9ef04c6ba99d'
2022-05-22_21-22-24 [restartedMain] INFO  o.h.jpa.internal.util.LogHelper - HHH000204: Processing PersistenceUnitInfo [name: default]
2022-05-22_21-22-24 [restartedMain] INFO  org.hibernate.Version - HHH000412: Hibernate ORM core version 5.6.3.Final
2022-05-22_21-22-24 [restartedMain] INFO  o.h.annotations.common.Version - HCANN000001: Hibernate Commons Annotations {5.1.2.Final}
2022-05-22_21-22-24 [restartedMain] INFO  org.hibernate.dialect.Dialect - HHH000400: Using dialect: org.hibernate.dialect.H2Dialect
2022-05-22_21-22-24 [restartedMain] INFO  o.h.e.t.j.p.i.JtaPlatformInitiator - HHH000490: Using JtaPlatform implementation: [org.hibernate.engine.transaction.jta.platform.internal.NoJtaPlatform]
2022-05-22_21-22-24 [restartedMain] INFO  o.s.o.j.LocalContainerEntityManagerFactoryBean - Initialized JPA EntityManagerFactory for persistence unit 'default'
2022-05-22_21-22-24 [restartedMain] INFO  o.s.b.d.a.OptionalLiveReloadServer - LiveReload server is running on port 35729
2022-05-22_21-22-24 [restartedMain] INFO  o.s.b.a.e.web.EndpointLinksResolver - Exposing 1 endpoint(s) beneath base path '/manage'
2022-05-22_21-22-24 [restartedMain] INFO  o.a.coyote.http11.Http11NioProtocol - Starting ProtocolHandler ["http-nio-8200"]
2022-05-22_21-22-24 [restartedMain] INFO  o.s.b.w.e.tomcat.TomcatWebServer - Tomcat started on port(s): 8200 (http) with context path '/pensioner'
2022-05-22_21-22-24 [restartedMain] INFO  c.p.d.PensionerDetailServiceApplication - Started PensionerDetailServiceApplication in 14.29 seconds (JVM running for 15.814)
2022-05-22_21-22-24 [http-nio-8200-exec-1] INFO  o.a.c.c.C.[.[localhost].[/pensioner] - Initializing Spring DispatcherServlet 'dispatcherServlet'
2022-05-22_21-22-24 [http-nio-8200-exec-1] INFO  o.s.web.servlet.DispatcherServlet - Initializing Servlet 'dispatcherServlet'
2022-05-22_21-22-24 [http-nio-8200-exec-1] INFO  o.s.web.servlet.DispatcherServlet - Completed initialization in 158 ms
2022-05-22_21-22-24 [http-nio-8200-exec-1] INFO  c.p.d.c.PensionerDetailController - Token valid :true
2022-05-22_21-22-24 [http-nio-8200-exec-2] INFO  c.p.d.c.PensionerDetailController - Token valid :true
2022-05-22_21-22-24 [http-nio-8200-exec-3] INFO  c.p.d.c.PensionerDetailController - Token valid :true
2022-05-22_21-22-24 [http-nio-8200-exec-4] INFO  c.p.d.c.PensionerDetailController - Token valid :true
